<?xml version="1.0" encoding="UTF-8"?>
<testng-results skipped="0" failed="0" ignored="0" total="1" passed="1">
  <reporter-output>
  </reporter-output>
  <suite name="Default suite" duration-ms="717" started-at="2019-09-21T15:22:29Z" finished-at="2019-09-21T15:22:30Z">
    <groups>
      <group name="cucumber">
        <method signature="TestRunner.feature(cucumber.api.testng.CucumberFeatureWrapper)[pri:0, instance:Runner.TestRunner@57fffcd7]" name="feature" class="Runner.TestRunner"/>
      </group> <!-- cucumber -->
    </groups>
    <test name="Default test" duration-ms="717" started-at="2019-09-21T15:22:29Z" finished-at="2019-09-21T15:22:30Z">
      <class name="Runner.TestRunner">
        <test-method status="PASS" signature="setUpClass()[pri:0, instance:Runner.TestRunner@57fffcd7]" name="setUpClass" is-config="true" duration-ms="365" started-at="2019-09-21T15:22:29Z" finished-at="2019-09-21T15:22:30Z">
          <reporter-output>
          </reporter-output>
        </test-method> <!-- setUpClass -->
        <test-method status="PASS" signature="feature(cucumber.api.testng.CucumberFeatureWrapper)[pri:0, instance:Runner.TestRunner@57fffcd7]" name="feature" duration-ms="67" started-at="2019-09-21T15:22:30Z" description="Run Cucumber Feature" data-provider="features" finished-at="2019-09-21T15:22:30Z">
          <params>
            <param index="0">
              <value>
                <![CDATA[Test login to application]]>
              </value>
            </param>
          </params>
          <reporter-output>
          </reporter-output>
        </test-method> <!-- feature -->
        <test-method status="PASS" signature="finish()[pri:0, instance:Runner.TestRunner@57fffcd7]" name="finish" is-config="true" duration-ms="125" started-at="2019-09-21T15:22:30Z" finished-at="2019-09-21T15:22:30Z">
          <reporter-output>
          </reporter-output>
        </test-method> <!-- finish -->
      </class> <!-- Runner.TestRunner -->
    </test> <!-- Default test -->
  </suite> <!-- Default suite -->
</testng-results>
